# JRE version: OpenJDK Runtime Environment (21.0.8) (build 21.0.8+-14196175-b1038.72)
# Java VM: OpenJDK 64-Bit Server VM (21.0.8+-14196175-b1038.72, mixed mode, tiered, compressed oops, compressed class ptrs, g1 gc, windows-amd64)
GC Precious Log:
 CardTable entry size: 512
 Card Set container configuration: InlinePtr #cards 4 size 8 Array Of Cards #cards 32 size 80 Howl #buckets 8 coarsen threshold 7372 Howl Bitmap #cards 1024 size 144 coarsen threshold 921 Card regions per heap region 1 cards per card region 8192
 CPUs: 4 total, 4 available
 Memory: 8070M
 Large Page Support: Disabled
 NUMA Support: Disabled
 Compressed Oops: Enabled (Zero based)
 Heap Region Size: 4M
 Heap Min Capacity: 8M
 Heap Initial Capacity: 128M
 Heap Max Capacity: 8G
 Pre-touch: Disabled
 Parallel Workers: 4
 Concurrent Workers: 1
 Concurrent Refinement Workers: 4
 Periodic GC: Disabled
Heap:
 garbage-first heap   total 479232K, used 246005K [0x0000000600000000, 0x0000000800000000)
  region size 4096K, 3 young (12288K), 3 survivors (12288K)
 Metaspace       used 179779K, committed 182336K, reserved 1245184K
  class space    used 23393K, committed 24640K, reserved 1048576K
GC Heap History (20 events):
Event: 46.456 GC heap after
{Heap after GC invocations=52 (full 0):
 garbage-first heap   total 233472K, used 134854K [0x0000000600000000, 0x0000000800000000)
  region size 4096K, 2 young (8192K), 2 survivors (8192K)
 Metaspace       used 152649K, committed 155072K, reserved 1245184K
  class space    used 20356K, committed 21504K, reserved 1048576K
}
Event: 94.838 GC heap before
{Heap before GC invocations=53 (full 0):
 garbage-first heap   total 233472K, used 200390K [0x0000000600000000, 0x0000000800000000)
  region size 4096K, 19 young (77824K), 2 survivors (8192K)
 Metaspace       used 157469K, committed 159936K, reserved 1245184K
  class space    used 20982K, committed 22144K, reserved 1048576K
}
Event: 94.860 GC heap after
{Heap after GC invocations=54 (full 0):
 garbage-first heap   total 233472K, used 141327K [0x0000000600000000, 0x0000000800000000)
  region size 4096K, 3 young (12288K), 3 survivors (12288K)
 Metaspace       used 157469K, committed 159936K, reserved 1245184K
  class space    used 20982K, committed 22144K, reserved 1048576K
}
Event: 95.959 GC heap before
{Heap before GC invocations=54 (full 0):
 garbage-first heap   total 233472K, used 198671K [0x0000000600000000, 0x0000000800000000)
  region size 4096K, 18 young (73728K), 3 survivors (12288K)
 Metaspace       used 157585K, committed 160064K, reserved 1245184K
  class space    used 20987K, committed 22208K, reserved 1048576K
}
Event: 95.988 GC heap after
{Heap after GC invocations=55 (full 0):
 garbage-first heap   total 233472K, used 140666K [0x0000000600000000, 0x0000000800000000)
  region size 4096K, 2 young (8192K), 2 survivors (8192K)
 Metaspace       used 157585K, committed 160064K, reserved 1245184K
  class space    used 20987K, committed 22208K, reserved 1048576K
}
Event: 96.978 GC heap before
{Heap before GC invocations=55 (full 0):
 garbage-first heap   total 233472K, used 202106K [0x0000000600000000, 0x0000000800000000)
  region size 4096K, 18 young (73728K), 2 survivors (8192K)
 Metaspace       used 157660K, committed 160128K, reserved 1245184K
  class space    used 20995K, committed 22208K, reserved 1048576K
}
Event: 96.989 GC heap after
{Heap after GC invocations=56 (full 0):
 garbage-first heap   total 233472K, used 142306K [0x0000000600000000, 0x0000000800000000)
  region size 4096K, 2 young (8192K), 2 survivors (8192K)
 Metaspace       used 157660K, committed 160128K, reserved 1245184K
  class space    used 20995K, committed 22208K, reserved 1048576K
}
Event: 97.616 GC heap before
{Heap before GC invocations=57 (full 0):
 garbage-first heap   total 253952K, used 220130K [0x0000000600000000, 0x0000000800000000)
  region size 4096K, 18 young (73728K), 2 survivors (8192K)
 Metaspace       used 157787K, committed 160256K, reserved 1245184K
  class space    used 21001K, committed 22208K, reserved 1048576K
}
Event: 97.646 GC heap after
{Heap after GC invocations=58 (full 0):
 garbage-first heap   total 253952K, used 166921K [0x0000000600000000, 0x0000000800000000)
  region size 4096K, 3 young (12288K), 3 survivors (12288K)
 Metaspace       used 157787K, committed 160256K, reserved 1245184K
  class space    used 21001K, committed 22208K, reserved 1048576K
}
Event: 98.386 GC heap before
{Heap before GC invocations=58 (full 0):
 garbage-first heap   total 253952K, used 224265K [0x0000000600000000, 0x0000000800000000)
  region size 4096K, 17 young (69632K), 3 survivors (12288K)
 Metaspace       used 158591K, committed 161088K, reserved 1245184K
  class space    used 21074K, committed 22336K, reserved 1048576K
}
Event: 98.433 GC heap after
{Heap after GC invocations=59 (full 0):
 garbage-first heap   total 479232K, used 171682K [0x0000000600000000, 0x0000000800000000)
  region size 4096K, 2 young (8192K), 2 survivors (8192K)
 Metaspace       used 158591K, committed 161088K, reserved 1245184K
  class space    used 21074K, committed 22336K, reserved 1048576K
}
Event: 101.345 GC heap before
{Heap before GC invocations=59 (full 0):
 garbage-first heap   total 479232K, used 401058K [0x0000000600000000, 0x0000000800000000)
  region size 4096K, 59 young (241664K), 2 survivors (8192K)
 Metaspace       used 161018K, committed 163520K, reserved 1245184K
  class space    used 21236K, committed 22464K, reserved 1048576K
}
Event: 101.385 GC heap after
{Heap after GC invocations=60 (full 0):
 garbage-first heap   total 479232K, used 205400K [0x0000000600000000, 0x0000000800000000)
  region size 4096K, 8 young (32768K), 8 survivors (32768K)
 Metaspace       used 161018K, committed 163520K, reserved 1245184K
  class space    used 21236K, committed 22464K, reserved 1048576K
}
Event: 104.255 GC heap before
{Heap before GC invocations=60 (full 0):
 garbage-first heap   total 479232K, used 389720K [0x0000000600000000, 0x0000000800000000)
  region size 4096K, 53 young (217088K), 8 survivors (32768K)
 Metaspace       used 161544K, committed 164032K, reserved 1245184K
  class space    used 21242K, committed 22464K, reserved 1048576K
}
Event: 104.297 GC heap after
{Heap after GC invocations=61 (full 0):
 garbage-first heap   total 479232K, used 223648K [0x0000000600000000, 0x0000000800000000)
  region size 4096K, 4 young (16384K), 4 survivors (16384K)
 Metaspace       used 161544K, committed 164032K, reserved 1245184K
  class space    used 21242K, committed 22464K, reserved 1048576K
}
Event: 104.480 GC heap before
{Heap before GC invocations=61 (full 0):
 garbage-first heap   total 479232K, used 248224K [0x0000000600000000, 0x0000000800000000)
  region size 4096K, 11 young (45056K), 4 survivors (16384K)
 Metaspace       used 161556K, committed 164032K, reserved 1245184K
  class space    used 21242K, committed 22464K, reserved 1048576K
}
Event: 104.508 GC heap after
{Heap after GC invocations=62 (full 0):
 garbage-first heap   total 479232K, used 231156K [0x0000000600000000, 0x0000000800000000)
  region size 4096K, 2 young (8192K), 2 survivors (8192K)
 Metaspace       used 161556K, committed 164032K, reserved 1245184K
  class space    used 21242K, committed 22464K, reserved 1048576K
}
Event: 107.196 GC heap before
{Heap before GC invocations=63 (full 0):
 garbage-first heap   total 479232K, used 423668K [0x0000000600000000, 0x0000000800000000)
  region size 4096K, 47 young (192512K), 2 survivors (8192K)
 Metaspace       used 164701K, committed 167232K, reserved 1245184K
  class space    used 21587K, committed 22848K, reserved 1048576K
}
Event: 107.222 GC heap after
{Heap after GC invocations=64 (full 0):
 garbage-first heap   total 479232K, used 251919K [0x0000000600000000, 0x0000000800000000)
  region size 4096K, 6 young (24576K), 6 survivors (24576K)
 Metaspace       used 164701K, committed 167232K, reserved 1245184K
  class space    used 21587K, committed 22848K, reserved 1048576K
}
Event: 110.042 GC heap before
{Heap before GC invocations=64 (full 0):
 garbage-first heap   total 479232K, used 419855K [0x0000000600000000, 0x0000000800000000)
  region size 4096K, 47 young (192512K), 6 survivors (24576K)
 Metaspace       used 179779K, committed 182336K, reserved 1245184K
  class space    used 23393K, committed 24640K, reserved 1048576K
}

