# JRE version: OpenJDK Runtime Environment (21.0.8) (build 21.0.8+-14196175-b1038.72)
# Java VM: OpenJDK 64-Bit Server VM (21.0.8+-14196175-b1038.72, mixed mode, tiered, compressed oops, compressed class ptrs, g1 gc, windows-amd64)
GC Precious Log:
 CardTable entry size: 512
 Card Set container configuration: InlinePtr #cards 4 size 8 Array Of Cards #cards 32 size 80 Howl #buckets 8 coarsen threshold 7372 Howl Bitmap #cards 1024 size 144 coarsen threshold 921 Card regions per heap region 1 cards per card region 8192
 CPUs: 4 total, 4 available
 Memory: 8070M
 Large Page Support: Disabled
 NUMA Support: Disabled
 Compressed Oops: Enabled (Zero based)
 Heap Region Size: 4M
 Heap Min Capacity: 8M
 Heap Initial Capacity: 128M
 Heap Max Capacity: 8G
 Pre-touch: Disabled
 Parallel Workers: 4
 Concurrent Workers: 1
 Concurrent Refinement Workers: 4
 Periodic GC: Disabled
Heap:
 garbage-first heap   total 1875968K, used 619346K [0x0000000600000000, 0x0000000800000000)
  region size 4096K, 3 young (12288K), 3 survivors (12288K)
 Metaspace       used 264365K, committed 267776K, reserved 1310720K
  class space    used 34896K, committed 36480K, reserved 1048576K
GC Heap History (20 events):
Event: 919.751 GC heap after
{Heap after GC invocations=115 (full 0):
 garbage-first heap   total 1183744K, used 762759K [0x0000000600000000, 0x0000000800000000)
  region size 4096K, 1 young (4096K), 1 survivors (4096K)
 Metaspace       used 214549K, committed 217472K, reserved 1245184K
  class space    used 28544K, committed 29888K, reserved 1048576K
}
Event: 930.202 GC heap before
{Heap before GC invocations=116 (full 0):
 garbage-first heap   total 1298432K, used 1098631K [0x0000000600000000, 0x0000000800000000)
  region size 4096K, 77 young (315392K), 1 survivors (4096K)
 Metaspace       used 216259K, committed 219264K, reserved 1245184K
  class space    used 28757K, committed 30144K, reserved 1048576K
}
Event: 930.220 GC heap after
{Heap after GC invocations=117 (full 0):
 garbage-first heap   total 1298432K, used 781924K [0x0000000600000000, 0x0000000800000000)
  region size 4096K, 4 young (16384K), 4 survivors (16384K)
 Metaspace       used 216259K, committed 219264K, reserved 1245184K
  class space    used 28757K, committed 30144K, reserved 1048576K
}
Event: 2146.421 GC heap before
{Heap before GC invocations=117 (full 0):
 garbage-first heap   total 1298432K, used 1166948K [0x0000000600000000, 0x0000000800000000)
  region size 4096K, 99 young (405504K), 4 survivors (16384K)
 Metaspace       used 220658K, committed 223744K, reserved 1245184K
  class space    used 29752K, committed 31168K, reserved 1048576K
}
Event: 2147.082 GC heap after
{Heap after GC invocations=118 (full 0):
 garbage-first heap   total 1298432K, used 751276K [0x0000000600000000, 0x0000000800000000)
  region size 4096K, 5 young (20480K), 5 survivors (20480K)
 Metaspace       used 220658K, committed 223744K, reserved 1245184K
  class space    used 29752K, committed 31168K, reserved 1048576K
}
Event: 2151.166 GC heap before
{Heap before GC invocations=118 (full 0):
 garbage-first heap   total 1298432K, used 820908K [0x0000000600000000, 0x0000000800000000)
  region size 4096K, 23 young (94208K), 5 survivors (20480K)
 Metaspace       used 229334K, committed 232320K, reserved 1310720K
  class space    used 30874K, committed 32256K, reserved 1048576K
}
Event: 2151.233 GC heap after
{Heap after GC invocations=119 (full 0):
 garbage-first heap   total 1298432K, used 755419K [0x0000000600000000, 0x0000000800000000)
  region size 4096K, 6 young (24576K), 6 survivors (24576K)
 Metaspace       used 229334K, committed 232320K, reserved 1310720K
  class space    used 30874K, committed 32256K, reserved 1048576K
}
Event: 2162.062 GC heap before
{Heap before GC invocations=120 (full 0):
 garbage-first heap   total 1298432K, used 1177307K [0x0000000600000000, 0x0000000800000000)
  region size 4096K, 113 young (462848K), 6 survivors (24576K)
 Metaspace       used 255071K, committed 258368K, reserved 1310720K
  class space    used 33907K, committed 35456K, reserved 1048576K
}
Event: 2162.241 GC heap after
{Heap after GC invocations=121 (full 0):
 garbage-first heap   total 1298432K, used 763539K [0x0000000600000000, 0x0000000800000000)
  region size 4096K, 15 young (61440K), 15 survivors (61440K)
 Metaspace       used 255071K, committed 258368K, reserved 1310720K
  class space    used 33907K, committed 35456K, reserved 1048576K
}
Event: 2162.266 GC heap before
{Heap before GC invocations=121 (full 0):
 garbage-first heap   total 1298432K, used 767635K [0x0000000600000000, 0x0000000800000000)
  region size 4096K, 16 young (65536K), 15 survivors (61440K)
 Metaspace       used 255079K, committed 258432K, reserved 1310720K
  class space    used 33907K, committed 35456K, reserved 1048576K
}
Event: 2162.385 GC heap after
{Heap after GC invocations=122 (full 0):
 garbage-first heap   total 1875968K, used 731136K [0x0000000600000000, 0x0000000800000000)
  region size 4096K, 2 young (8192K), 2 survivors (8192K)
 Metaspace       used 255079K, committed 258432K, reserved 1310720K
  class space    used 33907K, committed 35456K, reserved 1048576K
}
Event: 2656.463 GC heap before
{Heap before GC invocations=122 (full 0):
 garbage-first heap   total 1875968K, used 894976K [0x0000000600000000, 0x0000000800000000)
  region size 4096K, 42 young (172032K), 2 survivors (8192K)
 Metaspace       used 260988K, committed 264384K, reserved 1310720K
  class space    used 34568K, committed 36160K, reserved 1048576K
}
Event: 2656.630 GC heap after
{Heap after GC invocations=123 (full 0):
 garbage-first heap   total 1875968K, used 696953K [0x0000000600000000, 0x0000000800000000)
  region size 4096K, 4 young (16384K), 4 survivors (16384K)
 Metaspace       used 260988K, committed 264384K, reserved 1310720K
  class space    used 34568K, committed 36160K, reserved 1048576K
}
Event: 2657.835 GC heap before
{Heap before GC invocations=123 (full 0):
 garbage-first heap   total 1875968K, used 770681K [0x0000000600000000, 0x0000000800000000)
  region size 4096K, 22 young (90112K), 4 survivors (16384K)
 Metaspace       used 261002K, committed 264384K, reserved 1310720K
  class space    used 34569K, committed 36160K, reserved 1048576K
}
Event: 2657.968 GC heap after
{Heap after GC invocations=124 (full 0):
 garbage-first heap   total 1875968K, used 673941K [0x0000000600000000, 0x0000000800000000)
  region size 4096K, 2 young (8192K), 2 survivors (8192K)
 Metaspace       used 261002K, committed 264384K, reserved 1310720K
  class space    used 34569K, committed 36160K, reserved 1048576K
}
Event: 2660.391 GC heap before
{Heap before GC invocations=124 (full 0):
 garbage-first heap   total 1875968K, used 759957K [0x0000000600000000, 0x0000000800000000)
  region size 4096K, 22 young (90112K), 2 survivors (8192K)
 Metaspace       used 263804K, committed 267200K, reserved 1310720K
  class space    used 34851K, committed 36416K, reserved 1048576K
}
Event: 2660.575 GC heap after
{Heap after GC invocations=125 (full 0):
 garbage-first heap   total 1875968K, used 650664K [0x0000000600000000, 0x0000000800000000)
  region size 4096K, 3 young (12288K), 3 survivors (12288K)
 Metaspace       used 263804K, committed 267200K, reserved 1310720K
  class space    used 34851K, committed 36416K, reserved 1048576K
}
Event: 2663.000 GC heap before
{Heap before GC invocations=125 (full 0):
 garbage-first heap   total 1875968K, used 724392K [0x0000000600000000, 0x0000000800000000)
  region size 4096K, 22 young (90112K), 3 survivors (12288K)
 Metaspace       used 264336K, committed 267712K, reserved 1310720K
  class space    used 34895K, committed 36480K, reserved 1048576K
}
Event: 2663.129 GC heap after
{Heap after GC invocations=126 (full 0):
 garbage-first heap   total 1875968K, used 625492K [0x0000000600000000, 0x0000000800000000)
  region size 4096K, 2 young (8192K), 2 survivors (8192K)
 Metaspace       used 264336K, committed 267712K, reserved 1310720K
  class space    used 34895K, committed 36480K, reserved 1048576K
}
Event: 2663.887 GC heap before
{Heap before GC invocations=126 (full 0):
 garbage-first heap   total 1875968K, used 719700K [0x0000000600000000, 0x0000000800000000)
  region size 4096K, 22 young (90112K), 2 survivors (8192K)
 Metaspace       used 264365K, committed 267776K, reserved 1310720K
  class space    used 34896K, committed 36480K, reserved 1048576K
}

