# JRE version: OpenJDK Runtime Environment (21.0.8) (build 21.0.8+-14196175-b1038.72)
# Java VM: OpenJDK 64-Bit Server VM (21.0.8+-14196175-b1038.72, mixed mode, tiered, compressed oops, compressed class ptrs, g1 gc, windows-amd64)
GC Precious Log:
 CardTable entry size: 512
 Card Set container configuration: InlinePtr #cards 4 size 8 Array Of Cards #cards 32 size 80 Howl #buckets 8 coarsen threshold 7372 Howl Bitmap #cards 1024 size 144 coarsen threshold 921 Card regions per heap region 1 cards per card region 8192
 CPUs: 4 total, 4 available
 Memory: 8070M
 Large Page Support: Disabled
 NUMA Support: Disabled
 Compressed Oops: Enabled (Zero based)
 Heap Region Size: 4M
 Heap Min Capacity: 8M
 Heap Initial Capacity: 128M
 Heap Max Capacity: 8G
 Pre-touch: Disabled
 Parallel Workers: 4
 Concurrent Workers: 1
 Concurrent Refinement Workers: 4
 Periodic GC: Disabled
Heap:
 garbage-first heap   total 430080K, used 348159K [0x0000000600000000, 0x0000000800000000)
  region size 4096K, 32 young (131072K), 4 survivors (16384K)
 Metaspace       used 138360K, committed 140864K, reserved 1179648K
  class space    used 19229K, committed 20416K, reserved 1048576K
GC Heap History (20 events):
Event: 42.649 GC heap before
{Heap before GC invocations=55 (full 0):
 garbage-first heap   total 282624K, used 245221K [0x0000000600000000, 0x0000000800000000)
  region size 4096K, 30 young (122880K), 4 survivors (16384K)
 Metaspace       used 122528K, committed 124736K, reserved 1179648K
  class space    used 17234K, committed 18304K, reserved 1048576K
}
Event: 42.672 GC heap after
{Heap after GC invocations=56 (full 0):
 garbage-first heap   total 282624K, used 153202K [0x0000000600000000, 0x0000000800000000)
  region size 4096K, 4 young (16384K), 4 survivors (16384K)
 Metaspace       used 122528K, committed 124736K, reserved 1179648K
  class space    used 17234K, committed 18304K, reserved 1048576K
}
Event: 44.350 GC heap before
{Heap before GC invocations=56 (full 0):
 garbage-first heap   total 282624K, used 243314K [0x0000000600000000, 0x0000000800000000)
  region size 4096K, 26 young (106496K), 4 survivors (16384K)
 Metaspace       used 124576K, committed 126912K, reserved 1179648K
  class space    used 17552K, committed 18688K, reserved 1048576K
}
Event: 44.375 GC heap after
{Heap after GC invocations=57 (full 0):
 garbage-first heap   total 282624K, used 166832K [0x0000000600000000, 0x0000000800000000)
  region size 4096K, 4 young (16384K), 4 survivors (16384K)
 Metaspace       used 124576K, committed 126912K, reserved 1179648K
  class space    used 17552K, committed 18688K, reserved 1048576K
}
Event: 46.126 GC heap before
{Heap before GC invocations=58 (full 0):
 garbage-first heap   total 282624K, used 248752K [0x0000000600000000, 0x0000000800000000)
  region size 4096K, 24 young (98304K), 4 survivors (16384K)
 Metaspace       used 124576K, committed 126912K, reserved 1179648K
  class space    used 17552K, committed 18688K, reserved 1048576K
}
Event: 46.146 GC heap after
{Heap after GC invocations=59 (full 0):
 garbage-first heap   total 282624K, used 170049K [0x0000000600000000, 0x0000000800000000)
  region size 4096K, 2 young (8192K), 2 survivors (8192K)
 Metaspace       used 124576K, committed 126912K, reserved 1179648K
  class space    used 17552K, committed 18688K, reserved 1048576K
}
Event: 48.363 GC heap before
{Heap before GC invocations=59 (full 0):
 garbage-first heap   total 282624K, used 243777K [0x0000000600000000, 0x0000000800000000)
  region size 4096K, 21 young (86016K), 2 survivors (8192K)
 Metaspace       used 124757K, committed 127040K, reserved 1179648K
  class space    used 17576K, committed 18688K, reserved 1048576K
}
Event: 48.380 GC heap after
{Heap after GC invocations=60 (full 0):
 garbage-first heap   total 339968K, used 176006K [0x0000000600000000, 0x0000000800000000)
  region size 4096K, 3 young (12288K), 3 survivors (12288K)
 Metaspace       used 124757K, committed 127040K, reserved 1179648K
  class space    used 17576K, committed 18688K, reserved 1048576K
}
Event: 50.648 GC heap before
{Heap before GC invocations=60 (full 0):
 garbage-first heap   total 339968K, used 302982K [0x0000000600000000, 0x0000000800000000)
  region size 4096K, 34 young (139264K), 3 survivors (12288K)
 Metaspace       used 125105K, committed 127424K, reserved 1179648K
  class space    used 17630K, committed 18752K, reserved 1048576K
}
Event: 50.676 GC heap after
{Heap after GC invocations=61 (full 0):
 garbage-first heap   total 339968K, used 188636K [0x0000000600000000, 0x0000000800000000)
  region size 4096K, 5 young (20480K), 5 survivors (20480K)
 Metaspace       used 125105K, committed 127424K, reserved 1179648K
  class space    used 17630K, committed 18752K, reserved 1048576K
}
Event: 52.594 GC heap before
{Heap before GC invocations=61 (full 0):
 garbage-first heap   total 339968K, used 295132K [0x0000000600000000, 0x0000000800000000)
  region size 4096K, 31 young (126976K), 5 survivors (20480K)
 Metaspace       used 125417K, committed 127808K, reserved 1179648K
  class space    used 17666K, committed 18816K, reserved 1048576K
}
Event: 52.628 GC heap after
{Heap after GC invocations=62 (full 0):
 garbage-first heap   total 339968K, used 198916K [0x0000000600000000, 0x0000000800000000)
  region size 4096K, 3 young (12288K), 3 survivors (12288K)
 Metaspace       used 125417K, committed 127808K, reserved 1179648K
  class space    used 17666K, committed 18816K, reserved 1048576K
}
Event: 53.976 GC heap before
{Heap before GC invocations=62 (full 0):
 garbage-first heap   total 339968K, used 297220K [0x0000000600000000, 0x0000000800000000)
  region size 4096K, 28 young (114688K), 3 survivors (12288K)
 Metaspace       used 125658K, committed 128128K, reserved 1179648K
  class space    used 17703K, committed 18880K, reserved 1048576K
}
Event: 54.000 GC heap after
{Heap after GC invocations=63 (full 0):
 garbage-first heap   total 339968K, used 211341K [0x0000000600000000, 0x0000000800000000)
  region size 4096K, 4 young (16384K), 4 survivors (16384K)
 Metaspace       used 125658K, committed 128128K, reserved 1179648K
  class space    used 17703K, committed 18880K, reserved 1048576K
}
Event: 55.307 GC heap before
{Heap before GC invocations=64 (full 0):
 garbage-first heap   total 356352K, used 297357K [0x0000000600000000, 0x0000000800000000)
  region size 4096K, 26 young (106496K), 4 survivors (16384K)
 Metaspace       used 125698K, committed 128128K, reserved 1179648K
  class space    used 17709K, committed 18880K, reserved 1048576K
}
Event: 55.322 GC heap after
{Heap after GC invocations=65 (full 0):
 garbage-first heap   total 356352K, used 216169K [0x0000000600000000, 0x0000000800000000)
  region size 4096K, 2 young (8192K), 2 survivors (8192K)
 Metaspace       used 125698K, committed 128128K, reserved 1179648K
  class space    used 17709K, committed 18880K, reserved 1048576K
}
Event: 56.863 GC heap before
{Heap before GC invocations=65 (full 0):
 garbage-first heap   total 356352K, used 314473K [0x0000000600000000, 0x0000000800000000)
  region size 4096K, 27 young (110592K), 2 survivors (8192K)
 Metaspace       used 131372K, committed 133888K, reserved 1179648K
  class space    used 18524K, committed 19712K, reserved 1048576K
}
Event: 56.889 GC heap after
{Heap after GC invocations=66 (full 0):
 garbage-first heap   total 356352K, used 224732K [0x0000000600000000, 0x0000000800000000)
  region size 4096K, 4 young (16384K), 4 survivors (16384K)
 Metaspace       used 131372K, committed 133888K, reserved 1179648K
  class space    used 18524K, committed 19712K, reserved 1048576K
}
Event: 58.438 GC heap before
{Heap before GC invocations=66 (full 0):
 garbage-first heap   total 356352K, used 318940K [0x0000000600000000, 0x0000000800000000)
  region size 4096K, 27 young (110592K), 4 survivors (16384K)
 Metaspace       used 134668K, committed 137152K, reserved 1179648K
  class space    used 18923K, committed 20096K, reserved 1048576K
}
Event: 58.475 GC heap after
{Heap after GC invocations=67 (full 0):
 garbage-first heap   total 430080K, used 241664K [0x0000000600000000, 0x0000000800000000)
  region size 4096K, 4 young (16384K), 4 survivors (16384K)
 Metaspace       used 134668K, committed 137152K, reserved 1179648K
  class space    used 18923K, committed 20096K, reserved 1048576K
}

